[15:26:20:097] [SpringApplicationShutdownHook] INFO  com.zaxxer.hikari.HikariDataSource - hikariCP - Shutdown initiated...
[15:26:20:099] [SpringApplicationShutdownHook] INFO  com.zaxxer.hikari.HikariDataSource - hikariCP - Shutdown completed.
[15:26:24:640] [main] INFO  com.example.blogstudy.BlogStudyApplication - Starting BlogStudyApplication using Java 1.8.0_172 on MSI with PID 8264 (C:\Users\OuYangCong\IdeaProjects\blog-study\target\classes started by OuYangCong in C:\Users\OuYangCong\IdeaProjects\blog-study)
[15:26:24:647] [main] INFO  com.example.blogstudy.BlogStudyApplication - No active profile set, falling back to 1 default profile: "default"
[15:26:25:196] [main] INFO  org.springframework.boot.web.embedded.tomcat.TomcatWebServer - Tomcat initialized with port(s): 28083 (http)
[15:26:25:201] [main] INFO  org.apache.coyote.http11.Http11NioProtocol - Initializing ProtocolHandler ["http-nio-28083"]
[15:26:25:201] [main] INFO  org.apache.catalina.core.StandardService - Starting service [Tomcat]
[15:26:25:201] [main] INFO  org.apache.catalina.core.StandardEngine - Starting Servlet engine: [Apache Tomcat/9.0.65]
[15:26:25:267] [main] INFO  org.apache.catalina.core.ContainerBase.[Tomcat].[localhost].[/] - Initializing Spring embedded WebApplicationContext
[15:26:25:267] [main] INFO  org.springframework.boot.web.servlet.context.ServletWebServerApplicationContext - Root WebApplicationContext: initialization completed in 572 ms
[15:26:25:667] [main] INFO  org.apache.coyote.http11.Http11NioProtocol - Starting ProtocolHandler ["http-nio-28083"]
[15:26:25:677] [main] INFO  org.springframework.boot.web.embedded.tomcat.TomcatWebServer - Tomcat started on port(s): 28083 (http) with context path ''
[15:26:25:683] [main] INFO  com.example.blogstudy.BlogStudyApplication - Started BlogStudyApplication in 1.224 seconds (JVM running for 1.778)
[15:26:31:238] [http-nio-28083-exec-1] INFO  org.apache.catalina.core.ContainerBase.[Tomcat].[localhost].[/] - Initializing Spring DispatcherServlet 'dispatcherServlet'
[15:26:31:238] [http-nio-28083-exec-1] INFO  org.springframework.web.servlet.DispatcherServlet - Initializing Servlet 'dispatcherServlet'
[15:26:31:239] [http-nio-28083-exec-1] INFO  org.springframework.web.servlet.DispatcherServlet - Completed initialization in 1 ms
[15:26:35:381] [http-nio-28083-exec-4] INFO  com.zaxxer.hikari.HikariDataSource - hikariCP - Starting...
[15:26:35:488] [http-nio-28083-exec-4] INFO  com.zaxxer.hikari.HikariDataSource - hikariCP - Start completed.
[15:26:51:843] [SpringApplicationShutdownHook] INFO  com.zaxxer.hikari.HikariDataSource - hikariCP - Shutdown initiated...
[15:26:51:847] [SpringApplicationShutdownHook] INFO  com.zaxxer.hikari.HikariDataSource - hikariCP - Shutdown completed.
[15:26:55:286] [main] INFO  com.example.blogstudy.BlogStudyApplication - Starting BlogStudyApplication using Java 1.8.0_172 on MSI with PID 3368 (C:\Users\OuYangCong\IdeaProjects\blog-study\target\classes started by OuYangCong in C:\Users\OuYangCong\IdeaProjects\blog-study)
[15:26:55:292] [main] INFO  com.example.blogstudy.BlogStudyApplication - No active profile set, falling back to 1 default profile: "default"
[15:26:55:844] [main] INFO  org.springframework.boot.web.embedded.tomcat.TomcatWebServer - Tomcat initialized with port(s): 28083 (http)
[15:26:55:848] [main] INFO  org.apache.coyote.http11.Http11NioProtocol - Initializing ProtocolHandler ["http-nio-28083"]
[15:26:55:848] [main] INFO  org.apache.catalina.core.StandardService - Starting service [Tomcat]
[15:26:55:848] [main] INFO  org.apache.catalina.core.StandardEngine - Starting Servlet engine: [Apache Tomcat/9.0.65]
[15:26:55:913] [main] INFO  org.apache.catalina.core.ContainerBase.[Tomcat].[localhost].[/] - Initializing Spring embedded WebApplicationContext
[15:26:55:913] [main] INFO  org.springframework.boot.web.servlet.context.ServletWebServerApplicationContext - Root WebApplicationContext: initialization completed in 570 ms
[15:26:56:295] [main] INFO  org.apache.coyote.http11.Http11NioProtocol - Starting ProtocolHandler ["http-nio-28083"]
[15:26:56:305] [main] INFO  org.springframework.boot.web.embedded.tomcat.TomcatWebServer - Tomcat started on port(s): 28083 (http) with context path ''
[15:26:56:311] [main] INFO  com.example.blogstudy.BlogStudyApplication - Started BlogStudyApplication in 1.208 seconds (JVM running for 1.762)
[15:26:59:287] [http-nio-28083-exec-1] INFO  org.apache.catalina.core.ContainerBase.[Tomcat].[localhost].[/] - Initializing Spring DispatcherServlet 'dispatcherServlet'
[15:26:59:287] [http-nio-28083-exec-1] INFO  org.springframework.web.servlet.DispatcherServlet - Initializing Servlet 'dispatcherServlet'
[15:26:59:288] [http-nio-28083-exec-1] INFO  org.springframework.web.servlet.DispatcherServlet - Completed initialization in 1 ms
